<?xml version="1.0" encoding="UTF-8"?>
<!-- Generated by org.testng.reporters.JUnitReportReporter -->
<testsuite hostname="QATest-1721815" failures="0" tests="1" name="com.testcases.TC002" time="1.172" errors="0" timestamp="2020-11-06T16:45:04 IST" skipped="0">
  <testcase classname="com.testcases.TC002" name="datadriven" time="1.172"/>
  <system-out/>
</testsuite> <!-- com.testcases.TC002 -->
